<?xml version="1.0" encoding="UTF-8"?>
<!-- Generated by org.testng.reporters.JUnitXMLReporter -->
<testsuite hostname="LAPTOP-AG7PIIC7" ignored="0" name="Test" tests="4" failures="1" timestamp="2022-02-02T13:28:23 IST" time="0.044" errors="0">
  <testcase name="demo_password" time="0.007" classname="com.testng.features.Test_Demo">
    <skipped/>
  </testcase> <!-- demo_password -->
  <testcase name="demo_password" time="0.001" classname="com.testng.features.Test_Demo">
    <skipped/>
  </testcase> <!-- demo_password -->
  <testcase name="demo_password" time="0.001" classname="com.testng.features.Test_Demo">
    <failure type="java.lang.AssertionError" message="expected [sdf] but found [ddd]">
      <![CDATA[java.lang.AssertionError: expected [sdf] but found [ddd]
at com.testng.features.Test_Demo.demo_password(Test_Demo.java:25)
at java.util.ArrayList.forEach(Unknown Source)
... Removed 33 stack frames]]>
    </failure>
  </testcase> <!-- demo_password -->
  <testcase name="demo_username" time="0.001" classname="com.testng.features.Test_Demo"/>
</testsuite> <!-- Test -->
